<?xml version="1.0" encoding="UTF-8"?>
<!-- Generated by org.testng.reporters.JUnitXMLReporter -->
<testsuite ignored="0" hostname="abzal" failures="0" tests="3" name="Default test" time="15.748" errors="0" timestamp="2023-06-27T12:49:42 IST">
  <testcase classname="test1.Registrationtest" name="registerWithonly_Mandatoryfields" time="2.941"/>
  <testcase classname="test1.Registrationtest" name="verifyRegisterdAccountByprovidingMandatoryFields" time="0.627"/>
  <testcase classname="test1.Registrationtest" name="registerWith_ALLfields" time="2.946"/>
</testsuite> <!-- Default test -->
