<?xml version="1.0" encoding="UTF-8"?>
<!-- Generated by org.testng.reporters.JUnitXMLReporter -->
<testsuite ignored="0" hostname="abzal" failures="0" tests="6" name="Test2" time="34.479" errors="0" timestamp="2023-07-10T21:45:36 IST">
  <testcase classname="test1.logintest" name="verifyLoginWithValidCredemtials" time="0.945"/>
  <testcase classname="test1.logintest" name="verifyLoginWithValidCredemtials" time="0.858"/>
  <testcase classname="test1.logintest" name="verifyLoginWithValidCredemtials" time="0.852"/>
  <testcase classname="test1.logintest" name="verifyLoginWithInValidCredemtials" time="0.615"/>
  <testcase classname="test1.logintest" name="verifyLoginWithInValid_email" time="0.617"/>
  <testcase classname="test1.logintest" name="verifyLoginWithInValid_password" time="0.529"/>
</testsuite> <!-- Test2 -->
